39247 --> 12121 
12121 --> 39247 
39247 --> 12121 
12121 --> 39247 \xff\xfd%
39247 --> 12121 
39247 --> 12121 \xff\xfc%
12121 --> 39247 
12121 --> 39247 \xff\xfb&\xff\xfd\x18\xff\xfd \xff\xfd#\xff\xfd'\xff\xfd$
39247 --> 12121 \xff\xfe&\xff\xfb\x18\xff\xfb \xff\xfb#\xff\xfb'\xff\xfc$
12121 --> 39247 \xff\xfa \x01\xff\xf0\xff\xfa#\x01\xff\xf0\xff\xfa'\x01\xff\xf0\xff\xfa\x18\x01\xff\xf0
39247 --> 12121 \xff\xfa \x0038400,38400\xff\xf0\xff\xfa#\x00SodaCan:0\xff\xf0\xff\xfa'\x00\x00DISPLAY\x01SodaCan:0\xff\xf0\xff\xfa\x18\x00xterm\xff\xf0
12121 --> 39247 \xff\xfb\x03\xff\xfd\x01\xff\xfd"\xff\xfd\x1f\xff\xfb\x05\xff\xfd!
39247 --> 12121 \xff\xfd\x03\xff\xfc\x01\xff\xfb"\xff\xfa"\x03\x01\x00\x00\x03b\x03\x04\x02\x0f\x05\x00\x00\x07b\x1c\x08\x02\x04	B\x1a
\x02\x7f\x02\x15\x0f\x02\x11\x10\x02\x13\x11\x02\xff\xff\x12\x02\xff\xff\xff\xf0\xff\xfb\x1f\xff\xfa\x1f\x00\xb1\x001\xff\xf0\xff\xfd\x05\xff\xfb!
12121 --> 39247 \xff\xfa"\x01\x03\xff\xf0
39247 --> 12121 \xff\xfa"\x01\x07\xff\xf0
12121 --> 39247 \xff\xfa!\x03\xff\xf0\xff\xfb\x01\xff\xfd\x00\xff\xfe"
39247 --> 12121 \xff\xfd\x01\xff\xfb\x00\xff\xfc"
12121 --> 39247 \xff\xfa"\x03\x03\xe2\x03\x04\x82\x0f\x07\xe2\x1c\x08\x82\x04	\xc2\x1a
\x82\x7f\x82\x15\x0f\x82\x11\x10\x82\x13\x11\x82\xff\xff\x12\x82\xff\xff\xff\xf0
39247 --> 12121 
12121 --> 39247 
Linux 2.6.38-8-generic-pae (::ffff:10.1.1.2) (pts/10)

\x01\x00wwwbugs login: 
39247 --> 12121 
39247 --> 12121 l
12121 --> 39247 \x00l
39247 --> 12121 
39247 --> 12121 e
12121 --> 39247 \x00e
39247 --> 12121 
39247 --> 12121 v
12121 --> 39247 \x00v
39247 --> 12121 
39247 --> 12121 e
12121 --> 39247 \x00e
39247 --> 12121 
39247 --> 12121 l
12121 --> 39247 \x00l
39247 --> 12121 
39247 --> 12121 X
12121 --> 39247 \x00X
39247 --> 12121 
39247 --> 12121 
12121 --> 39247 \x01
39247 --> 12121 
12121 --> 39247 \x00
Password: 
39247 --> 12121 
39247 --> 12121 f
12121 --> 39247 
39247 --> 12121 t
12121 --> 39247 
39247 --> 12121 _
12121 --> 39247 
39247 --> 12121 w
12121 --> 39247 
39247 --> 12121 a
12121 --> 39247 
39247 --> 12121 n
12121 --> 39247 
39247 --> 12121 d
12121 --> 39247 
39247 --> 12121 r
12121 --> 39247 
39247 --> 12121 \x7f
12121 --> 39247 
39247 --> 12121 \x7f
12121 --> 39247 
39247 --> 12121 \x7f
12121 --> 39247 
39247 --> 12121 N
12121 --> 39247 
39247 --> 12121 D
12121 --> 39247 
39247 --> 12121 R
12121 --> 39247 
39247 --> 12121 e
12121 --> 39247 
39247 --> 12121 l
12121 --> 39247 
39247 --> 12121 \x7f
12121 --> 39247 
39247 --> 12121 L
12121 --> 39247 
39247 --> 12121 0
12121 --> 39247 
39247 --> 12121 L
12121 --> 39247 
39247 --> 12121 
12121 --> 39247 
12121 --> 39247 \x00

39247 --> 12121 
12121 --> 39247 \x01
39247 --> 12121 
12121 --> 39247 \x00
Login incorrect
wwwbugs login: 
39247 --> 12121 
39247 --> 12121 
12121 --> 39247 
39247 --> 12121 
